Build started 23/02/2014 11:24:15 PM.
     1>Project "C:\Users\James Hirschorn\Documents\GitHub\QFCL\qfcl_0_4\test\UnivariateGenerationSpeedHardCoded\UnivariateGenerationSpeedHardCoded.vcxproj" on node 2 (Build target(s)).
     1>InitializeBuildStatus:
         Creating "Debug\UnivariateGenerationSpeedHardCoded.unsuccessfulbuild" because "AlwaysCreate" was specified.
       ClCompile:
         C:\Program Files (x86)\Microsoft Visual Studio 11.0\VC\bin\CL.exe /c /ZI /nologo /W3 /WX- /sdl /Od /Oy- /D _MBCS /Gm /EHsc /RTC1 /MDd /GS /fp:precise /Zc:wchar_t /Zc:forScope /Fo"Debug\\" /Fd"Debug\vc110.pdb" /Gd /TP /analyze- /errorReport:prompt ..\univariate_generation_speed_hard_coded.cpp
         univariate_generation_speed_hard_coded.cpp
     1>c:\users\james hirschorn\documents\github\qfcl\qfcl_0_4\test\univariate_generation_speed_hard_coded.cpp(24): fatal error C1083: Cannot open include file: 'boost/chrono.hpp': No such file or directory
     1>Done Building Project "C:\Users\James Hirschorn\Documents\GitHub\QFCL\qfcl_0_4\test\UnivariateGenerationSpeedHardCoded\UnivariateGenerationSpeedHardCoded.vcxproj" (Build target(s)) -- FAILED.

Project Performance Summary:
     2479 ms  C:\Users\James Hirschorn\Documents\GitHub\QFCL\qfcl_0_4\test\UnivariateGenerationSpeedHardCoded\UnivariateGenerationSpeedHardCoded.vcxproj   1 calls
               2479 ms  Build                                      1 calls

Target Performance Summary:
        0 ms  _BuildGenerateSourcesAction                1 calls
        0 ms  BuildCompileTraverse                       1 calls
        0 ms  AfterBuildGenerateSources                  1 calls
        0 ms  AfterResolveReferences                     1 calls
        0 ms  _Midl                                      1 calls
        0 ms  ComputeReferenceCLInput                    1 calls
        0 ms  GetFrameworkPaths                          1 calls
        0 ms  MakeDirsForMidl                            1 calls
        0 ms  SelectClCompile                            1 calls
        0 ms  ComputeMIDLGeneratedCompileInputs          1 calls
        0 ms  BuildGenerateSourcesTraverse               1 calls
        0 ms  ResolveSDKReferences                       1 calls
        0 ms  BuildGenerateSources                       1 calls
        0 ms  GetInstalledSDKLocations                   1 calls
        0 ms  SelectCustomBuild                          1 calls
        0 ms  ResolveReferences                          1 calls
        0 ms  _SplitProjectReferencesByFileExistence     1 calls
        0 ms  BeforeResolveReferences                    1 calls
        0 ms  BeforeClCompile                            1 calls
        0 ms  PreBuildEvent                              1 calls
        0 ms  _SelectedFiles                             1 calls
        0 ms  ComputeCLInputPDBName                      1 calls
        0 ms  ExpandSDKReferences                        1 calls
        0 ms  GetResolvedWinMD                           1 calls
        0 ms  AfterMidl                                  1 calls
        0 ms  BeforeBuildGenerateSources                 1 calls
        0 ms  _Xsd                                       1 calls
        0 ms  AfterBuildGenerateSourcesEvent             1 calls
        0 ms  _PrepareForReferenceResolution             1 calls
        1 ms  PlatformPrepareForBuild                    1 calls
        1 ms  ResolveProjectReferences                   1 calls
        1 ms  _PrepareForBuild                           1 calls
        1 ms  PrepareForBuild                            1 calls
        1 ms  GetReferenceAssemblyPaths                  1 calls
        2 ms  AssignProjectConfiguration                 1 calls
        2 ms  MakeDirsForCl                              1 calls
        3 ms  SetBuildDefaultEnvironmentVariables        1 calls
       35 ms  InitializeBuildStatus                      1 calls
       39 ms  ResolveAssemblyReferences                  1 calls
      106 ms  _CheckForInvalidConfigurationAndPlatform   1 calls
     2268 ms  ClCompile                                  1 calls

Build FAILED.

Time Elapsed 00:00:02.43
